0 info it worked if it ends with ok
1 verbose cli [ '/usr/bin/node', '/usr/bin/npm', 'run', 'forever-start' ]
2 info using npm@3.10.10
3 info using node@v6.10.2
4 verbose run-script [ 'preforever-start', 'forever-start', 'postforever-start' ]
5 info lifecycle hello-world@1.0.0~preforever-start: hello-world@1.0.0
6 silly lifecycle hello-world@1.0.0~preforever-start: no script for preforever-start, continuing
7 info lifecycle hello-world@1.0.0~forever-start: hello-world@1.0.0
8 verbose lifecycle hello-world@1.0.0~forever-start: unsafe-perm in lifecycle true
9 verbose lifecycle hello-world@1.0.0~forever-start: PATH: /usr/lib/node_modules/npm/bin/node-gyp-bin:/nfs/stak/users/reyrosam/CS290/CS290-Server-Side-Examples-master/CS290FinalProject/node_modules/.bin:/usr/lib64/qt-3.3/bin:/nfs/stak/users/reyrosam/perl5/bin:/usr/local/bin:/usr/bin:/usr/local/sbin:/usr/sbin:/opt/dell/srvadmin/bin
10 verbose lifecycle hello-world@1.0.0~forever-start: CWD: /nfs/stak/users/reyrosam/CS290/CS290-Server-Side-Examples-master/CS290FinalProject
11 silly lifecycle hello-world@1.0.0~forever-start: Args: [ '-c', 'forever start --append --uid workout-tracker app.js' ]
12 silly lifecycle hello-world@1.0.0~forever-start: Returned: code: 255  signal: null
13 info lifecycle hello-world@1.0.0~forever-start: Failed to exec forever-start script
14 verbose stack Error: hello-world@1.0.0 forever-start: `forever start --append --uid workout-tracker app.js`
14 verbose stack Exit status 255
14 verbose stack     at EventEmitter.<anonymous> (/usr/lib/node_modules/npm/lib/utils/lifecycle.js:255:16)
14 verbose stack     at emitTwo (events.js:106:13)
14 verbose stack     at EventEmitter.emit (events.js:191:7)
14 verbose stack     at ChildProcess.<anonymous> (/usr/lib/node_modules/npm/lib/utils/spawn.js:40:14)
14 verbose stack     at emitTwo (events.js:106:13)
14 verbose stack     at ChildProcess.emit (events.js:191:7)
14 verbose stack     at maybeClose (internal/child_process.js:886:16)
14 verbose stack     at Process.ChildProcess._handle.onexit (internal/child_process.js:226:5)
15 verbose pkgid hello-world@1.0.0
16 verbose cwd /nfs/stak/users/reyrosam/CS290/CS290-Server-Side-Examples-master/CS290FinalProject
17 error Linux 3.10.0-693.11.1.el7.x86_64
18 error argv "/usr/bin/node" "/usr/bin/npm" "run" "forever-start"
19 error node v6.10.2
20 error npm  v3.10.10
21 error code ELIFECYCLE
22 error hello-world@1.0.0 forever-start: `forever start --append --uid workout-tracker app.js`
22 error Exit status 255
23 error Failed at the hello-world@1.0.0 forever-start script 'forever start --append --uid workout-tracker app.js'.
23 error Make sure you have the latest version of node.js and npm installed.
23 error If you do, this is most likely a problem with the hello-world package,
23 error not with npm itself.
23 error Tell the author that this fails on your system:
23 error     forever start --append --uid workout-tracker app.js
23 error You can get information on how to open an issue for this project with:
23 error     npm bugs hello-world
23 error Or if that isn't available, you can get their info via:
23 error     npm owner ls hello-world
23 error There is likely additional logging output above.
24 verbose exit [ 1, true ]
